0 info it worked if it ends with ok
1 verbose cli [ 'C:\\Program Files\\nodejs\\node.exe',
1 verbose cli   'C:\\Program Files\\nodejs\\node_modules\\npm\\bin\\npm-cli.js',
1 verbose cli   'run',
1 verbose cli   'dev' ]
2 info using npm@3.10.8
3 info using node@v6.9.1
4 verbose run-script [ 'predev', 'dev', 'postdev' ]
5 info lifecycle express-restful-crud@0.0.0~predev: express-restful-crud@0.0.0
6 silly lifecycle express-restful-crud@0.0.0~predev: no script for predev, continuing
7 info lifecycle express-restful-crud@0.0.0~dev: express-restful-crud@0.0.0
8 verbose lifecycle express-restful-crud@0.0.0~dev: unsafe-perm in lifecycle true
9 verbose lifecycle express-restful-crud@0.0.0~dev: PATH: C:\Program Files\nodejs\node_modules\npm\bin\node-gyp-bin;C:\Users\kaioo\Desktop\express-restful-crud\node_modules\.bin;C:\Users\kaioo\bin;C:\Program Files\Git\mingw64\bin;C:\Program Files\Git\usr\local\bin;C:\Program Files\Git\usr\bin;C:\Program Files\Git\usr\bin;C:\Program Files\Git\mingw64\bin;C:\Program Files\Git\usr\bin;C:\Users\kaioo\bin;C:\ProgramData\Oracle\Java\javapath;C:\WINDOWS\system32;C:\WINDOWS;C:\WINDOWS\System32\Wbem;C:\WINDOWS\System32\WindowsPowerShell\v1.0;C:\Users\kaioo\.dnx\bin;C:\Program Files\Microsoft DNX\Dnvm;C:\Program Files (x86)\GtkSharp\2.12\bin;C:\Program Files (x86)\Skype\Phone;C:\Program Files (x86)\NVIDIA Corporation\PhysX\Common;C:\Program Files\Git\cmd;C:\WINDOWS\system32;C:\WINDOWS;C:\WINDOWS\System32\Wbem;C:\WINDOWS\System32\WindowsPowerShell\v1.0;C:\Program Files\nodejs;C:\Users\kaioo\AppData\Local\Microsoft\WindowsApps;C:\Users\kaioo\AppData\Roaming\npm;C:\Users\kaioo\AppData\Local\atom\bin;C:\Program Files\Git\usr\bin\vendor_perl;C:\Program Files\Git\usr\bin\core_perl
10 verbose lifecycle express-restful-crud@0.0.0~dev: CWD: C:\Users\kaioo\Desktop\express-restful-crud
11 silly lifecycle express-restful-crud@0.0.0~dev: Args: [ '/d /s /c', 'nodemon ./bin/www' ]
12 silly lifecycle express-restful-crud@0.0.0~dev: Returned: code: 1  signal: null
13 info lifecycle express-restful-crud@0.0.0~dev: Failed to exec dev script
14 verbose stack Error: express-restful-crud@0.0.0 dev: `nodemon ./bin/www`
14 verbose stack Exit status 1
14 verbose stack     at EventEmitter.<anonymous> (C:\Program Files\nodejs\node_modules\npm\lib\utils\lifecycle.js:255:16)
14 verbose stack     at emitTwo (events.js:106:13)
14 verbose stack     at EventEmitter.emit (events.js:191:7)
14 verbose stack     at ChildProcess.<anonymous> (C:\Program Files\nodejs\node_modules\npm\lib\utils\spawn.js:40:14)
14 verbose stack     at emitTwo (events.js:106:13)
14 verbose stack     at ChildProcess.emit (events.js:191:7)
14 verbose stack     at maybeClose (internal/child_process.js:877:16)
14 verbose stack     at Process.ChildProcess._handle.onexit (internal/child_process.js:226:5)
15 verbose pkgid express-restful-crud@0.0.0
16 verbose cwd C:\Users\kaioo\Desktop\express-restful-crud
17 error Windows_NT 10.0.14393
18 error argv "C:\\Program Files\\nodejs\\node.exe" "C:\\Program Files\\nodejs\\node_modules\\npm\\bin\\npm-cli.js" "run" "dev"
19 error node v6.9.1
20 error npm  v3.10.8
21 error code ELIFECYCLE
22 error express-restful-crud@0.0.0 dev: `nodemon ./bin/www`
22 error Exit status 1
23 error Failed at the express-restful-crud@0.0.0 dev script 'nodemon ./bin/www'.
23 error Make sure you have the latest version of node.js and npm installed.
23 error If you do, this is most likely a problem with the express-restful-crud package,
23 error not with npm itself.
23 error Tell the author that this fails on your system:
23 error     nodemon ./bin/www
23 error You can get information on how to open an issue for this project with:
23 error     npm bugs express-restful-crud
23 error Or if that isn't available, you can get their info via:
23 error     npm owner ls express-restful-crud
23 error There is likely additional logging output above.
24 verbose exit [ 1, true ]
